pruning conv1 feature map 0...
Loss: 1.9883759570121766, Accuracy Top1:0.5490000012516976
pruning conv1 feature map 1...
Loss: 1.8940636038780212, Accuracy Top1:0.5558000004291535
pruning conv1 feature map 2...
Loss: 1.9632822906970977, Accuracy Top1:0.5480000025033951
pruning conv1 feature map 3...
Loss: 2.082468899488449, Accuracy Top1:0.5212000015377999
pruning conv1 feature map 4...
Loss: 1.9509427416324616, Accuracy Top1:0.5513999992609024
pruning conv1 feature map 5...
Loss: 1.983610588312149, Accuracy Top1:0.5435999992489815
pruning conv1 feature map 6...
Loss: 2.0073794174194335, Accuracy Top1:0.5434000039100647
pruning conv1 feature map 7...
Loss: 1.8458782923221588, Accuracy Top1:0.5720000025629998
pruning conv1 feature map 8...
Loss: 1.925158944129944, Accuracy Top1:0.5587999999523163
pruning conv1 feature map 9...
Loss: 1.8721030008792878, Accuracy Top1:0.5679999998211861
pruning conv1 feature map 10...
Loss: 1.9294127905368805, Accuracy Top1:0.5618000015616417
pruning conv1 feature map 11...
Loss: 1.8681533908843995, Accuracy Top1:0.5584000009298324
pruning conv1 feature map 12...
Loss: 1.9361420595645904, Accuracy Top1:0.5520000007748603
pruning conv1 feature map 13...
Loss: 1.8480171430110932, Accuracy Top1:0.5672000023722649
pruning conv1 feature map 14...
Loss: 1.843507708311081, Accuracy Top1:0.5720000004768372
pruning conv1 feature map 15...
Loss: 1.907924280166626, Accuracy Top1:0.5569999992847443
pruning conv1 feature map 16...
Loss: 1.9143545424938202, Accuracy Top1:0.5586000031232834
pruning conv1 feature map 17...
Loss: 1.8466465377807617, Accuracy Top1:0.5752000004053116
pruning conv1 feature map 18...
Loss: 1.978622269630432, Accuracy Top1:0.5499999997019768
pruning conv1 feature map 19...
Loss: 1.8591543006896973, Accuracy Top1:0.5680000019073487
pruning conv1 feature map 20...
Loss: 1.990637811422348, Accuracy Top1:0.5487999993562699
pruning conv1 feature map 21...
Loss: 1.9019973492622375, Accuracy Top1:0.5516000011563301
pruning conv1 feature map 22...
Loss: 1.9219343256950379, Accuracy Top1:0.5544000014662742
pruning conv1 feature map 23...
Loss: 1.8722170984745026, Accuracy Top1:0.5580000022053718
pruning conv1 feature map 24...
Loss: 1.8482891011238098, Accuracy Top1:0.5692000019550324
pruning conv1 feature map 25...
Loss: 1.9198146283626556, Accuracy Top1:0.5536000004410744
pruning conv1 feature map 26...
Loss: 1.9060242140293122, Accuracy Top1:0.5630000022053718
pruning conv1 feature map 27...
Loss: 1.8875099039077758, Accuracy Top1:0.5651999998092652
pruning conv1 feature map 28...
Loss: 1.9882374858856202, Accuracy Top1:0.5454000005126
pruning conv1 feature map 29...
Loss: 1.8697955548763274, Accuracy Top1:0.5600000011920929
pruning conv1 feature map 30...
Loss: 2.035767447948456, Accuracy Top1:0.5362000009417534
pruning conv1 feature map 31...
Loss: 1.9262005734443663, Accuracy Top1:0.5500000002980232
pruning conv1 feature map 32...
Loss: 1.9604370677471161, Accuracy Top1:0.5476000022888183
pruning conv1 feature map 33...
Loss: 1.9330318415164947, Accuracy Top1:0.5498000022768974
pruning conv1 feature map 34...
Loss: 1.9986871004104614, Accuracy Top1:0.5386000010371208
pruning conv1 feature map 35...
Loss: 1.9630147171020509, Accuracy Top1:0.549000001847744
pruning conv1 feature map 36...
Loss: 1.9218533605337143, Accuracy Top1:0.5536000022292137
pruning conv1 feature map 37...
Loss: 1.9567525124549865, Accuracy Top1:0.5530000028014183
pruning conv1 feature map 38...
Loss: 2.037490192651749, Accuracy Top1:0.5364000028371811
pruning conv1 feature map 39...
Loss: 1.8411049950122833, Accuracy Top1:0.572200003862381
pruning conv1 feature map 40...
Loss: 1.9990699219703674, Accuracy Top1:0.5413999992609024
pruning conv1 feature map 41...
Loss: 1.8945133769512177, Accuracy Top1:0.559200002849102
pruning conv1 feature map 42...
Loss: 1.8945779287815094, Accuracy Top1:0.561000003516674
pruning conv1 feature map 43...
Loss: 1.926225914955139, Accuracy Top1:0.5454000002145767
pruning conv1 feature map 44...
Loss: 2.179132343530655, Accuracy Top1:0.5093999996781349
pruning conv1 feature map 45...
Loss: 1.903638620376587, Accuracy Top1:0.5572000029683113
pruning conv1 feature map 46...
Loss: 1.8928978604078293, Accuracy Top1:0.5608000028133392
pruning conv1 feature map 47...
Loss: 1.9012719976902008, Accuracy Top1:0.5666000011563301
pruning conv1 feature map 48...
Loss: 1.9326646375656127, Accuracy Top1:0.5579999998211861
pruning conv1 feature map 49...
Loss: 1.8464045000076295, Accuracy Top1:0.5742000046372414
pruning conv1 feature map 50...
Loss: 1.9572322571277618, Accuracy Top1:0.5528000009059906
pruning conv1 feature map 51...
Loss: 1.8558032369613648, Accuracy Top1:0.5630000025033951
pruning conv1 feature map 52...
Loss: 1.8904864144325257, Accuracy Top1:0.5628000035881996
pruning conv1 feature map 53...
Loss: 1.996462709903717, Accuracy Top1:0.5418000006675721
pruning conv1 feature map 54...
Loss: 1.8562671208381654, Accuracy Top1:0.5666000008583069
pruning conv1 feature map 55...
Loss: 1.9183777821063996, Accuracy Top1:0.5549999997019768
pruning conv1 feature map 56...
Loss: 1.9012276875972747, Accuracy Top1:0.562600000500679
pruning conv1 feature map 57...
Loss: 1.8734246170520783, Accuracy Top1:0.5722000029683113
pruning conv1 feature map 58...
Loss: 1.9297712790966033, Accuracy Top1:0.5595999997854233
pruning conv1 feature map 59...
Loss: 1.8494498383998872, Accuracy Top1:0.5694000053405762
pruning conv1 feature map 60...
Loss: 1.9488242340087891, Accuracy Top1:0.5572000026702881
pruning conv1 feature map 61...
Loss: 1.8465624618530274, Accuracy Top1:0.5630000025033951
pruning conv1 feature map 62...
Loss: 1.9196899712085724, Accuracy Top1:0.5556000009179115
pruning conv1 feature map 63...
Loss: 1.8395097184181213, Accuracy Top1:0.5670000040531158
pruning conv1 feature map 64...
Loss: 1.8613363683223725, Accuracy Top1:0.566000000834465
pruning conv1 feature map 65...
Loss: 1.980420058965683, Accuracy Top1:0.5473999992012978
pruning conv1 feature map 66...
Loss: 1.9303622210025788, Accuracy Top1:0.5517999997735024
pruning conv1 feature map 67...
Loss: 1.8584064543247223, Accuracy Top1:0.5712000012397767
pruning conv1 feature map 68...
Loss: 1.9586017858982085, Accuracy Top1:0.5527999976277351
pruning conv1 feature map 69...
Loss: 1.8641145157814025, Accuracy Top1:0.566800000667572
pruning conv1 feature map 70...
Loss: 1.9723210382461547, Accuracy Top1:0.5506000000238419
pruning conv1 feature map 71...
Loss: 1.9065338730812074, Accuracy Top1:0.5544000017642975
pruning conv1 feature map 72...
Loss: 1.9199591982364654, Accuracy Top1:0.5538000002503395
pruning conv1 feature map 73...
Loss: 1.8576024305820464, Accuracy Top1:0.5628000003099441
pruning conv1 feature map 74...
Loss: 2.0888850510120394, Accuracy Top1:0.5229999998211861
pruning conv1 feature map 75...
Loss: 1.9510894703865052, Accuracy Top1:0.5525999999046326
pruning conv1 feature map 76...
Loss: 1.9353671181201935, Accuracy Top1:0.5522000020742417
pruning conv1 feature map 77...
Loss: 1.858036836385727, Accuracy Top1:0.5697999995946884
pruning conv1 feature map 78...
Loss: 1.9381471920013427, Accuracy Top1:0.5571999999880791
pruning conv1 feature map 79...
Loss: 1.8437324154376984, Accuracy Top1:0.5742000037431717
pruning conv1 feature map 80...
Loss: 1.9336589062213898, Accuracy Top1:0.5578000012040139
pruning conv1 feature map 81...
Loss: 1.8601036953926087, Accuracy Top1:0.5613999992609024
pruning conv1 feature map 82...
Loss: 1.9004677271842956, Accuracy Top1:0.5608000037074089
pruning conv1 feature map 83...
Loss: 1.8792091763019563, Accuracy Top1:0.559200001358986
pruning conv1 feature map 84...
Loss: 1.851658581495285, Accuracy Top1:0.5696000051498413
pruning conv1 feature map 85...
Loss: 1.9317630314826966, Accuracy Top1:0.5518000018596649
pruning conv1 feature map 86...
Loss: 1.913023463487625, Accuracy Top1:0.5588000029325485
pruning conv1 feature map 87...
Loss: 1.8567787420749664, Accuracy Top1:0.5766000011563301
pruning conv1 feature map 88...
Loss: 1.9229542124271393, Accuracy Top1:0.5604000008106231
pruning conv1 feature map 89...
Loss: 1.8506218910217285, Accuracy Top1:0.5702000039815903
pruning conv1 feature map 90...
Loss: 1.9396762990951537, Accuracy Top1:0.5626000010967255
pruning conv1 feature map 91...
Loss: 1.8630997145175934, Accuracy Top1:0.5600000020861625
pruning conv1 feature map 92...
Loss: 1.892009665966034, Accuracy Top1:0.5628000056743622
pruning conv1 feature map 93...
Loss: 1.834443255662918, Accuracy Top1:0.568000001013279
pruning conv1 feature map 94...
Loss: 1.8490873074531555, Accuracy Top1:0.5686000004410744
pruning conv1 feature map 95...
Loss: 1.911696263551712, Accuracy Top1:0.5578000012040139
cut unimportant features... 
prune basing on top1... 
fm to be pruned: [87 17 49 79 39 57  7 14 67 89 77 84]
