pruning conv1 feature map 0...
Loss: 0.7315416458249092, Accuracy Top1:0.78625, Accuracy Top5:0.9640625
pruning conv1 feature map 1...
Loss: 0.6900710919499398, Accuracy Top1:0.801875, Accuracy Top5:0.9659375
pruning conv1 feature map 2...
Loss: 0.7621063500642776, Accuracy Top1:0.7765625, Accuracy Top5:0.969375
pruning conv1 feature map 3...
Loss: 0.7103455550968647, Accuracy Top1:0.7934375, Accuracy Top5:0.9634375
pruning conv1 feature map 4...
Loss: 0.7352225121855736, Accuracy Top1:0.7853125, Accuracy Top5:0.9615625
pruning conv1 feature map 5...
Loss: 0.7105121424794197, Accuracy Top1:0.78875, Accuracy Top5:0.9659375
pruning conv1 feature map 6...
Loss: 0.7288758413493633, Accuracy Top1:0.7896875, Accuracy Top5:0.9678125
pruning conv1 feature map 7...
Loss: 0.8504715472459793, Accuracy Top1:0.7578125, Accuracy Top5:0.95625
pruning conv1 feature map 8...
Loss: 0.7092348185181617, Accuracy Top1:0.790625, Accuracy Top5:0.966875
pruning conv1 feature map 9...
Loss: 0.7223434855043888, Accuracy Top1:0.7890625, Accuracy Top5:0.966875
pruning conv1 feature map 10...
Loss: 0.7353063464164734, Accuracy Top1:0.7878125, Accuracy Top5:0.9634375
pruning conv1 feature map 11...
Loss: 0.7570282174646854, Accuracy Top1:0.773125, Accuracy Top5:0.9640625
pruning conv1 feature map 12...
Loss: 0.7474116857349873, Accuracy Top1:0.7828125, Accuracy Top5:0.960625
pruning conv1 feature map 13...
Loss: 0.7024965126812458, Accuracy Top1:0.7915625, Accuracy Top5:0.9703125
pruning conv1 feature map 14...
Loss: 0.6819053475558757, Accuracy Top1:0.7975, Accuracy Top5:0.9709375
pruning conv1 feature map 15...
Loss: 0.7786565911769867, Accuracy Top1:0.7746875, Accuracy Top5:0.9625
pruning conv1 feature map 16...
Loss: 0.70404452085495, Accuracy Top1:0.7996875, Accuracy Top5:0.968125
pruning conv1 feature map 17...
Loss: 0.7200279220938682, Accuracy Top1:0.7865625, Accuracy Top5:0.9728125
pruning conv1 feature map 18...
Loss: 0.7393544802069664, Accuracy Top1:0.7821875, Accuracy Top5:0.9634375
pruning conv1 feature map 19...
Loss: 0.81205701649189, Accuracy Top1:0.7671875, Accuracy Top5:0.9584375
pruning conv1 feature map 20...
Loss: 0.7223676580190659, Accuracy Top1:0.7809375, Accuracy Top5:0.9690625
pruning conv1 feature map 21...
Loss: 0.728842801451683, Accuracy Top1:0.788125, Accuracy Top5:0.9678125
pruning conv1 feature map 22...
Loss: 0.780272696763277, Accuracy Top1:0.7746875, Accuracy Top5:0.9603125
pruning conv1 feature map 23...
Loss: 0.8062778767943383, Accuracy Top1:0.7675, Accuracy Top5:0.9553125
pruning conv1 feature map 24...
Loss: 0.7184734179079533, Accuracy Top1:0.79125, Accuracy Top5:0.9678125
pruning conv1 feature map 25...
Loss: 0.7137611898779869, Accuracy Top1:0.79625, Accuracy Top5:0.965625
pruning conv1 feature map 26...
Loss: 0.7371132582426071, Accuracy Top1:0.7809375, Accuracy Top5:0.9665625
pruning conv1 feature map 27...
Loss: 0.7831775665283203, Accuracy Top1:0.773125, Accuracy Top5:0.9603125
pruning conv1 feature map 28...
Loss: 0.7179061160981655, Accuracy Top1:0.7915625, Accuracy Top5:0.9653125
pruning conv1 feature map 29...
Loss: 0.7135011464357376, Accuracy Top1:0.7896875, Accuracy Top5:0.9715625
pruning conv1 feature map 30...
Loss: 0.7383080354332924, Accuracy Top1:0.779375, Accuracy Top5:0.9671875
pruning conv1 feature map 31...
Loss: 0.7002174073457718, Accuracy Top1:0.7975, Accuracy Top5:0.9646875
cut unimportant features... 
prune basing on top1... 
fm to be pruned: [ 1 16 14 31 25  3 28 13 24  8  6 29]
Loss: 1.0530591982205708, Accuracy Top1:0.6961666666666667, Accuracy Top5:0.9430833333333334
prune basing on loss... 
fm to be pruned: [14  1 31 13 16  8  3  5 29 25 28 24]
Loss: 0.9963893096446991, Accuracy Top1:0.7085833333333333, Accuracy Top5:0.9491666666666667
prune basing on top1... 
prune basing on top1... 
fm to be pruned: [ 7 19 23 27 11 15 22  2 30 26 20 18]
Loss: 1.8917439522743225, Accuracy Top1:0.5364166666666667, Accuracy Top5:0.86275
prune basing on top1... 
fm to be pruned: [ 7 19 23 27 22 15  2 11 12 18 30 26]
Loss: 2.3882702776590983, Accuracy Top1:0.46875, Accuracy Top5:0.8204166666666667
